Base path: C:/Program Files/Unity/Hub/Editor/2018.2.21f1/Editor/Data
Cmd: initializeCompiler
Cmd: preprocess
  insize=10546 outsize=3335 ok=1
Cmd: preprocess
  insize=447 outsize=198 ok=1
Cmd: preprocess
  insize=616 outsize=175 ok=1
Cmd: preprocess
  insize=963 outsize=362 ok=1
Cmd: preprocess
  insize=2910 outsize=493 ok=1
Cmd: preprocess
  insize=2274 outsize=921 ok=1
Cmd: preprocess
  insize=1375 outsize=618 ok=1
Cmd: preprocess
  insize=9161 outsize=6007 ok=1
Cmd: preprocess
  insize=1241 outsize=310 ok=1
Cmd: preprocess
  insize=1700 outsize=220 ok=1
Cmd: preprocess
  insize=494 outsize=221 ok=1
Cmd: preprocess
  insize=420 outsize=128 ok=1
Cmd: preprocess
  insize=2765 outsize=696 ok=1
Cmd: preprocess
  insize=1286 outsize=413 ok=1
Cmd: preprocess
  insize=5487 outsize=3741 ok=1
Cmd: preprocess
  insize=7416 outsize=2317 ok=1
Cmd: preprocess
  insize=4306 outsize=4179 ok=1
Cmd: preprocess
  insize=3277 outsize=3655 ok=1
Cmd: preprocess
  insize=815 outsize=177 ok=1
Cmd: preprocess
  insize=330 outsize=169 ok=1
Cmd: preprocess
  insize=2609 outsize=725 ok=1
Cmd: preprocess
  insize=6198 outsize=5186 ok=1
Cmd: preprocess
  insize=8190 outsize=6995 ok=1
Cmd: preprocess
  insize=815 outsize=327 ok=1
Cmd: preprocess
  insize=248 outsize=116 ok=1
Cmd: preprocess
  insize=340 outsize=168 ok=1
Cmd: preprocess
  insize=1041 outsize=1216 ok=1
Cmd: preprocess
  insize=340 outsize=168 ok=1
Cmd: preprocess
  insize=4414 outsize=4413 ok=1
Cmd: preprocess
  insize=338 outsize=167 ok=1
Cmd: preprocess
  insize=5307 outsize=1056 ok=1
Cmd: preprocess
  insize=344 outsize=169 ok=1
Cmd: preprocess
  insize=2147 outsize=1064 ok=1
Cmd: preprocess
  insize=389 outsize=178 ok=1
Cmd: preprocess
  insize=1101 outsize=1489 ok=1
Cmd: preprocess
  insize=1101 outsize=1489 ok=1
Cmd: preprocess
  insize=5709 outsize=4895 ok=1
Cmd: preprocess
  insize=518 outsize=208 ok=1
Cmd: preprocess
  insize=16286 outsize=13634 ok=1
Cmd: preprocess
  insize=9954 outsize=984 ok=1
Cmd: preprocess
  insize=6699 outsize=5704 ok=1
Cmd: preprocess
  insize=6488 outsize=5876 ok=1
Cmd: preprocess
  insize=2631 outsize=1512 ok=1
Cmd: preprocess
  insize=9107 outsize=7077 ok=1
Cmd: preprocess
  insize=462 outsize=208 ok=1
Cmd: preprocess
  insize=9827 outsize=4449 ok=1
Cmd: preprocess
  insize=346 outsize=171 ok=1
Cmd: preprocess
  insize=760 outsize=283 ok=1
Cmd: preprocess
  insize=340 outsize=168 ok=1
Cmd: preprocess
  insize=2169 outsize=727 ok=1
Cmd: preprocess
  insize=447 outsize=197 ok=1
Cmd: preprocess
  insize=1467 outsize=484 ok=1
Cmd: preprocess
  insize=2756 outsize=3258 ok=1
Cmd: preprocess
  insize=1346 outsize=358 ok=1
Cmd: preprocess
  insize=381 outsize=132 ok=1
Cmd: preprocess
  insize=1602 outsize=2338 ok=1
Cmd: preprocess
  insize=10087 outsize=8545 ok=1
Cmd: preprocess
  insize=389 outsize=114 ok=1
Cmd: preprocess
  insize=338 outsize=167 ok=1
Cmd: preprocess
  insize=1299 outsize=464 ok=1
Cmd: preprocess
  insize=26775 outsize=21122 ok=1
Cmd: preprocess
  insize=539 outsize=228 ok=1
Cmd: preprocess
  insize=8513 outsize=5603 ok=1
Cmd: preprocess
  insize=8034 outsize=4757 ok=1
Cmd: preprocess
  insize=656 outsize=275 ok=1
Cmd: preprocess
  insize=3845 outsize=2110 ok=1
Cmd: preprocess
  insize=10305 outsize=8855 ok=1
Cmd: preprocess
  insize=9712 outsize=2941 ok=1
Cmd: preprocess
  insize=1079 outsize=340 ok=1
Cmd: preprocess
  insize=1044 outsize=1216 ok=1
Cmd: preprocess
  insize=23646 outsize=16553 ok=1
Cmd: preprocess
  insize=340 outsize=168 ok=1
Cmd: preprocess
  insize=455 outsize=202 ok=1
Cmd: preprocess
  insize=19795 outsize=12302 ok=1
Cmd: preprocess
  insize=9432 outsize=6256 ok=1
Cmd: preprocess
  insize=425 outsize=192 ok=1
Cmd: preprocess
  insize=338 outsize=166 ok=1
Cmd: preprocess
  insize=450 outsize=206 ok=1
Cmd: preprocess
  insize=15343 outsize=13278 ok=1
Cmd: preprocess
  insize=1844 outsize=784 ok=1
Cmd: preprocess
  insize=892 outsize=252 ok=1
Cmd: preprocess
  insize=447 outsize=202 ok=1
Cmd: preprocess
  insize=342 outsize=169 ok=1
Cmd: preprocess
  insize=2091 outsize=585 ok=1
Cmd: preprocess
  insize=325 outsize=123 ok=1
Cmd: preprocess
  insize=555 outsize=123 ok=1
Cmd: preprocess
  insize=80559 outsize=66897 ok=1
Cmd: preprocess
  insize=566 outsize=563 ok=1
Cmd: preprocess
  insize=340 outsize=168 ok=1
Cmd: preprocess
  insize=13543 outsize=10308 ok=1
Cmd: preprocess
  insize=15663 outsize=11743 ok=1
Cmd: preprocess
  insize=2036 outsize=853 ok=1
Cmd: preprocess
  insize=2905 outsize=1202 ok=1
Cmd: preprocess
  insize=4246 outsize=647 ok=1
Cmd: preprocess
  insize=9966 outsize=6084 ok=1
Cmd: preprocess
  insize=340 outsize=168 ok=1
Cmd: preprocess
  insize=339 outsize=167 ok=1
Cmd: preprocess
  insize=430 outsize=122 ok=1
Cmd: preprocess
  insize=342 outsize=169 ok=1
Cmd: preprocess
  insize=10823 outsize=7208 ok=1
Cmd: preprocess
  insize=2105 outsize=510 ok=1
Cmd: preprocess
  insize=1097 outsize=349 ok=1
Cmd: preprocess
  insize=452 outsize=206 ok=1
Cmd: preprocess
  insize=893 outsize=286 ok=1
Cmd: preprocess
  insize=340 outsize=168 ok=1
Cmd: preprocess
  insize=5434 outsize=3394 ok=1
Cmd: preprocess
  insize=286 outsize=129 ok=1
Cmd: preprocess
  insize=344 outsize=178 ok=1
Cmd: preprocess
  insize=564 outsize=243 ok=1
Cmd: preprocess
  insize=14462 outsize=7437 ok=1
Cmd: preprocess
  insize=3729 outsize=3888 ok=1
Cmd: preprocess
  insize=953 outsize=353 ok=1
Cmd: preprocess
  insize=14058 outsize=8697 ok=1
Cmd: preprocess
  insize=918 outsize=1537 ok=1
Cmd: preprocess
  insize=1727 outsize=949 ok=1
Cmd: preprocess
  insize=1936 outsize=278 ok=1
Cmd: preprocess
  insize=1046 outsize=377 ok=1
Cmd: preprocess
  insize=6444 outsize=6182 ok=1
Cmd: preprocess
  insize=1802 outsize=550 ok=1
Cmd: preprocess
  insize=624 outsize=222 ok=1
Cmd: preprocess
  insize=4035 outsize=2571 ok=1
Cmd: preprocess
  insize=578 outsize=124 ok=1
Cmd: preprocess
  insize=13512 outsize=11599 ok=1
Cmd: preprocess
  insize=28639 outsize=19872 ok=1
Cmd: preprocess
  insize=2607 outsize=887 ok=1
Cmd: preprocess
  insize=338 outsize=167 ok=1
Cmd: preprocess
  insize=447 outsize=198 ok=1
Cmd: preprocess
  insize=476 outsize=210 ok=1
Cmd: preprocess
  insize=4921 outsize=4493 ok=1
Cmd: preprocess
  insize=10597 outsize=6349 ok=1
Cmd: preprocess
  insize=3117 outsize=3329 ok=1
Cmd: preprocess
  insize=655 outsize=272 ok=1
Cmd: preprocess
  insize=6190 outsize=5187 ok=1
Cmd: compileSnippet
  error: 2 plat 4 at (162): failed to open source file: 'Assets/Oculus/Avatar/Resources/Materials/AvatarMaterialStateShader.cginc'\nCompiling Vertex program with UNITY_PASS_FORWARDBASE PROJECTOR_OFF NORMAL_MAP_OFF PARALLAX_OFF ROUGHNESS_OFF VERTALPHA_OFF LAYERS_1
Platform defines: UNITY_ENABLE_REFLECTION_BUFFERS UNITY_USE_DITHER_MASK_FOR_ALPHABLENDED_SHADOWS UNITY_PBS_USE_BRDF1 UNITY_SPECCUBE_BOX_PROJECTION UNITY_SPECCUBE_BLENDING UNITY_ENABLE_DETAIL_NORMALMAP SHADER_API_DESKTOP UNITY_LIGHT_PROBE_PROXY_VOLUME UNITY_LIGHTMAP_RGBM_ENCODING
  api=4 type=0 insize=1085 outsize=0 kw=UNITY_PASS_FORWARDBASE PROJECTOR_OFF NORMAL_MAP_OFF PARALLAX_OFF ROUGHNESS_OFF VERTALPHA_OFF LAYERS_1 pd=UNITY_ENABLE_REFLECTION_BUFFERS UNITY_USE_DITHER_MASK_FOR_ALPHABLENDED_SHADOWS UNITY_PBS_USE_BRDF1 UNITY_SPECCUBE_BOX_PROJECTION UNITY_SPECCUBE_BLENDING UNITY_ENABLE_DETAIL_NORMALMAP SHADER_API_DESKTOP UNITY_LIGHT_PROBE_PROXY_VOLUME UNITY_LIGHTMAP_RGBM_ENCODING ok=0
Cmd: preprocess
  insize=309 outsize=126 ok=1
Cmd: preprocess
  insize=397 outsize=127 ok=1
Cmd: preprocess
  insize=280 outsize=128 ok=1
Cmd: preprocess
  insize=6110 outsize=6252 ok=1
Cmd: preprocess
  insize=353 outsize=185 ok=1
Cmd: preprocess
  insize=8542 outsize=1651 ok=1
Cmd: preprocess
  insize=391 outsize=167 ok=1
Cmd: preprocess
  insize=1705 outsize=398 ok=1
Cmd: preprocess
  insize=930 outsize=245 ok=1
Cmd: preprocess
  insize=767 outsize=285 ok=1
Cmd: preprocess
  insize=6628 outsize=5078 ok=1
Cmd: preprocess
  insize=255 outsize=114 ok=1
Cmd: preprocess
  insize=456 outsize=125 ok=1
Cmd: preprocess
  insize=340 outsize=168 ok=1
Cmd: preprocess
  insize=1019 outsize=311 ok=1
Cmd: preprocess
  insize=386 outsize=115 ok=1
Cmd: preprocess
  insize=5677 outsize=5041 ok=1
Cmd: compileSnippet
  error: 2 plat 4 at (128): failed to open source file: 'Assets/Oculus/Avatar/Resources/Materials/AvatarMaterialStateShader.cginc'\nCompiling Vertex program with UNITY_PASS_FORWARDBASE PROJECTOR_OFF NORMAL_MAP_OFF PARALLAX_OFF ROUGHNESS_OFF VERTALPHA_OFF LAYERS_1
Platform defines: UNITY_ENABLE_REFLECTION_BUFFERS UNITY_USE_DITHER_MASK_FOR_ALPHABLENDED_SHADOWS UNITY_PBS_USE_BRDF1 UNITY_SPECCUBE_BOX_PROJECTION UNITY_SPECCUBE_BLENDING UNITY_ENABLE_DETAIL_NORMALMAP SHADER_API_DESKTOP UNITY_LIGHT_PROBE_PROXY_VOLUME UNITY_LIGHTMAP_RGBM_ENCODING
  api=4 type=0 insize=1081 outsize=0 kw=UNITY_PASS_FORWARDBASE PROJECTOR_OFF NORMAL_MAP_OFF PARALLAX_OFF ROUGHNESS_OFF VERTALPHA_OFF LAYERS_1 pd=UNITY_ENABLE_REFLECTION_BUFFERS UNITY_USE_DITHER_MASK_FOR_ALPHABLENDED_SHADOWS UNITY_PBS_USE_BRDF1 UNITY_SPECCUBE_BOX_PROJECTION UNITY_SPECCUBE_BLENDING UNITY_ENABLE_DETAIL_NORMALMAP SHADER_API_DESKTOP UNITY_LIGHT_PROBE_PROXY_VOLUME UNITY_LIGHTMAP_RGBM_ENCODING ok=0
Cmd: preprocess
  insize=333 outsize=167 ok=1
Cmd: preprocess
  insize=445 outsize=197 ok=1
Cmd: preprocess
  insize=6340 outsize=4761 ok=1
Cmd: preprocess
  insize=658 outsize=276 ok=1
Cmd: preprocess
  insize=817 outsize=125 ok=1
Cmd: preprocess
  insize=4875 outsize=4664 ok=1
Cmd: preprocess
  insize=4274 outsize=1551 ok=1
Cmd: preprocess
  insize=4693 outsize=4195 ok=1
Cmd: preprocess
  insize=373 outsize=181 ok=1
Cmd: preprocess
  insize=447 outsize=199 ok=1
Cmd: preprocess
  insize=2494 outsize=584 ok=1
Cmd: preprocess
  insize=340 outsize=168 ok=1
Cmd: preprocess
  insize=653 outsize=272 ok=1
Cmd: preprocess
  insize=6306 outsize=4755 ok=1
Cmd: preprocess
  insize=344 outsize=170 ok=1
Cmd: preprocess
  insize=6824 outsize=1654 ok=1
Cmd: preprocess
  insize=3751 outsize=3971 ok=1
Cmd: preprocess
  insize=416 outsize=203 ok=1
Cmd: preprocess
  insize=4428 outsize=320 ok=1
Cmd: preprocess
  insize=1605 outsize=2341 ok=1
Cmd: preprocess
  insize=389 outsize=190 ok=1
Cmd: preprocess
  insize=402 outsize=190 ok=1
Cmd: preprocess
  insize=17693 outsize=16271 ok=1
Cmd: preprocess
  insize=584 outsize=223 ok=1
Cmd: preprocess
  insize=32879 outsize=21845 ok=1
Cmd: preprocess
  insize=4677 outsize=3779 ok=1
Cmd: preprocess
  insize=832 outsize=223 ok=1
Cmd: preprocess
  insize=16377 outsize=9451 ok=1
Cmd: preprocess
  insize=2559 outsize=2136 ok=1
Cmd: preprocess
  insize=2335 outsize=285 ok=1
Cmd: preprocess
  insize=451 outsize=207 ok=1
Cmd: preprocess
  insize=402 outsize=175 ok=1
Cmd: preprocess
  insize=17528 outsize=14754 ok=1
Cmd: preprocess
  insize=17751 outsize=15012 ok=1
Cmd: preprocess
  insize=6481 outsize=6179 ok=1
Cmd: preprocess
  insize=567 outsize=242 ok=1
Cmd: preprocess
  insize=2327 outsize=525 ok=1
Cmd: preprocess
  insize=659 outsize=277 ok=1
Cmd: preprocess
  insize=807 outsize=212 ok=1
Cmd: preprocess
  insize=915 outsize=284 ok=1
Cmd: preprocess
  insize=18277 outsize=14227 ok=1
Cmd: preprocess
  insize=414 outsize=118 ok=1
Cmd: preprocess
  insize=342 outsize=169 ok=1
Cmd: preprocess
  insize=1360 outsize=473 ok=1
Cmd: preprocess
  insize=553 outsize=309 ok=1
Cmd: preprocess
  insize=4059 outsize=4218 ok=1
Cmd: preprocess
  insize=1605 outsize=2341 ok=1
Cmd: preprocess
  insize=550 outsize=249 ok=1
Cmd: preprocess
  insize=1442 outsize=484 ok=1
Cmd: preprocess
  insize=338 outsize=167 ok=1
Cmd: preprocess
  insize=1853 outsize=2892 ok=1
Cmd: preprocess
  insize=373 outsize=181 ok=1
Cmd: preprocess
  insize=6321 outsize=5993 ok=1
Cmd: preprocess
  insize=398 outsize=174 ok=1
Cmd: preprocess
  insize=8187 outsize=6692 ok=1
Cmd: preprocess
  insize=348 outsize=171 ok=1
Cmd: preprocess
  insize=1251 outsize=408 ok=1
Cmd: preprocess
  insize=389 outsize=123 ok=1
Cmd: preprocess
  insize=1035 outsize=125 ok=1
Cmd: preprocess
  insize=3230 outsize=597 ok=1
Cmd: preprocess
  insize=2949 outsize=1143 ok=1
Cmd: preprocess
  insize=15006 outsize=12716 ok=1
Cmd: preprocess
  insize=360 outsize=190 ok=1
Cmd: preprocess
  insize=559 outsize=237 ok=1
Cmd: preprocess
  insize=11441 outsize=7120 ok=1
Cmd: preprocess
  insize=276 outsize=123 ok=1
Cmd: preprocess
  insize=336 outsize=170 ok=1
Cmd: preprocess
  insize=4820 outsize=4621 ok=1
Cmd: preprocess
  insize=5234 outsize=3105 ok=1
Cmd: preprocess
  insize=337 outsize=168 ok=1
Cmd: preprocess
  insize=13338 outsize=8751 ok=1
Cmd: preprocess
  insize=2492 outsize=254 ok=1
Cmd: preprocess
  insize=338 outsize=167 ok=1
Cmd: preprocess
  insize=4504 outsize=3244 ok=1
Cmd: preprocess
  insize=377 outsize=179 ok=1
Cmd: preprocess
  insize=15204 outsize=11113 ok=1
Cmd: preprocess
  insize=7529 outsize=6846 ok=1
Cmd: preprocess
  insize=1035 outsize=175 ok=1
Cmd: preprocess
  insize=4859 outsize=4696 ok=1
Cmd: preprocess
  insize=570 outsize=164 ok=1
Cmd: preprocess
  insize=6540 outsize=6202 ok=1
Cmd: preprocess
  insize=1568 outsize=619 ok=1
Cmd: preprocess
  insize=5062 outsize=4121 ok=1
Cmd: preprocess
  insize=338 outsize=167 ok=1
Cmd: preprocess
  insize=541 outsize=204 ok=1
Cmd: preprocess
  insize=336 outsize=170 ok=1
Cmd: preprocess
  insize=481 outsize=204 ok=1
Cmd: preprocess
  insize=292 outsize=113 ok=1
Cmd: preprocess
  insize=2320 outsize=946 ok=1
Cmd: preprocess
  insize=14259 outsize=11355 ok=1
Cmd: preprocess
  insize=898 outsize=444 ok=1
Cmd: preprocess
  insize=391 outsize=179 ok=1
Cmd: preprocess
  insize=9103 outsize=2848 ok=1
Cmd: preprocess
  insize=13139 outsize=9258 ok=1
Cmd: preprocess
  insize=396 outsize=178 ok=1
Cmd: preprocess
  insize=4393 outsize=4528 ok=1
Cmd: preprocess
  insize=3272 outsize=3650 ok=1
Cmd: preprocess
  insize=342 outsize=169 ok=1
Cmd: preprocess
  insize=2824 outsize=3269 ok=1
Cmd: preprocess
  insize=342 outsize=168 ok=1
Cmd: preprocess
  insize=2193 outsize=441 ok=1
Cmd: preprocess
  insize=406 outsize=130 ok=1
Cmd: preprocess
  insize=9734 outsize=8209 ok=1
Cmd: preprocess
  insize=7915 outsize=5007 ok=1
Cmd: preprocess
  insize=254 outsize=121 ok=1
Cmd: preprocess
  insize=6852 outsize=6779 ok=1
Cmd: preprocess
  insize=7882 outsize=4707 ok=1
Cmd: preprocess
  insize=19107 outsize=14190 ok=1
Cmd: preprocess
  insize=3023 outsize=1003 ok=1
Cmd: preprocess
  insize=4177 outsize=273 ok=1
Cmd: preprocess
  insize=14187 outsize=10763 ok=1
Cmd: preprocess
  insize=338 outsize=167 ok=1
Cmd: preprocess
  insize=340 outsize=168 ok=1
Cmd: preprocess
  insize=340 outsize=168 ok=1
Cmd: preprocess
  insize=338 outsize=338 ok=1
Cmd: preprocess
  insize=5685 outsize=5040 ok=1
Cmd: preprocess
  insize=346 outsize=170 ok=1
Cmd: preprocess
  insize=9055 outsize=5379 ok=1
Cmd: preprocess
  insize=449 outsize=200 ok=1
Cmd: preprocess
  insize=1004 outsize=1807 ok=1
Cmd: preprocess
  insize=6564 outsize=5001 ok=1
Cmd: preprocess
  insize=2919 outsize=397 ok=1
Cmd: preprocess
  insize=1730 outsize=949 ok=1
Cmd: preprocess
  insize=614 outsize=258 ok=1
Cmd: preprocess
  insize=8832 outsize=3648 ok=1
Cmd: preprocess
  insize=8506 outsize=5398 ok=1
Cmd: preprocess
  insize=6415 outsize=3689 ok=1
Cmd: preprocess
  insize=350 outsize=182 ok=1
Cmd: preprocess
  insize=346 outsize=169 ok=1
Cmd: preprocess
  insize=1014 outsize=359 ok=1
Cmd: preprocess
  insize=11194 outsize=10610 ok=1
Cmd: preprocess
  insize=4267 outsize=1244 ok=1
Cmd: preprocess
  insize=7180 outsize=4969 ok=1
Cmd: preprocess
  insize=5975 outsize=973 ok=1
Cmd: preprocess
  insize=833 outsize=245 ok=1
Cmd: preprocess
  insize=687 outsize=243 ok=1
Cmd: preprocess
  insize=14440 outsize=8248 ok=1
Cmd: preprocess
  insize=393 outsize=118 ok=1
Cmd: preprocess
  insize=17795 outsize=12022 ok=1
Cmd: preprocess
  insize=1271 outsize=378 ok=1
Cmd: preprocess
  insize=342 outsize=176 ok=1
Cmd: preprocess
  insize=918 outsize=1537 ok=1
Cmd: preprocess
  insize=402 outsize=175 ok=1
Cmd: preprocess
  insize=5185 outsize=573 ok=1
Cmd: preprocess
  insize=420 outsize=192 ok=1
Cmd: preprocess
  insize=1745 outsize=1632 ok=1
Cmd: preprocess
  insize=668 outsize=216 ok=1
Cmd: preprocess
  insize=1730 outsize=548 ok=1
Cmd: preprocess
  insize=3272 outsize=3650 ok=1
Cmd: preprocess
  insize=14156 outsize=10156 ok=1
Cmd: preprocess
  insize=339 outsize=173 ok=1
Cmd: preprocess
  insize=8754 outsize=8759 ok=1
Cmd: preprocess
  insize=3845 outsize=4229 ok=1
Cmd: preprocess
  insize=525 outsize=210 ok=1
Cmd: preprocess
  insize=662 outsize=280 ok=1
Cmd: preprocess
  insize=580 outsize=128 ok=1
Cmd: preprocess
  insize=15554 outsize=10032 ok=1
Cmd: preprocess
  insize=956 outsize=343 ok=1
Cmd: preprocess
  insize=390 outsize=180 ok=1
Cmd: preprocess
  insize=332 outsize=166 ok=1
Cmd: preprocess
  insize=656 outsize=219 ok=1
Cmd: preprocess
  insize=809 outsize=256 ok=1
Cmd: preprocess
  insize=463 outsize=213 ok=1
Cmd: preprocess
  insize=8849 outsize=7725 ok=1
Cmd: preprocess
  insize=262 outsize=118 ok=1
Cmd: preprocess
  insize=381 outsize=181 ok=1
